Using pre-set license
Built from '2021.1/staging' branch; Version is '2021.1.7f1 (d91830b65d9b) revision 14227504'; Using compiler version '192528614'; Build Type 'Release'
OS: 'Windows 10 Pro; OS build 19041.928; Version 2004; 64bit' Language: 'pt' Physical Memory: 16333 MB
BatchMode: 1, IsHumanControllingUs: 0, StartBugReporterOnCrash: 0, Is64bit: 1, IsPro: 0

 COMMAND LINE ARGUMENTS:
C:\Program Files\Unity 2021.1.7f1\Editor\Unity.exe
-adb2
-batchMode
-noUpm
-name
AssetImportWorker0
-projectPath
C:/Users/Douka/OneDrive/Documentos/Maze/New Unity Project (1)
-logFile
Logs/AssetImportWorker0.log
-srvPort
61861
Successfully changed project path to: C:/Users/Douka/OneDrive/Documentos/Maze/New Unity Project (1)
C:/Users/Douka/OneDrive/Documentos/Maze/New Unity Project (1)
Using Asset Import Pipeline V2.
Refreshing native plugins compatible for Editor in 85.20 ms, found 1 plugins.
Preloading 0 native plugins for Editor in 0.00 ms.
Initialize engine version: 2021.1.7f1 (d91830b65d9b)
[Subsystems] Discovering subsystems at path C:/Program Files/Unity 2021.1.7f1/Editor/Data/Resources/UnitySubsystems
[Subsystems] Discovering subsystems at path C:/Users/Douka/OneDrive/Documentos/Maze/New Unity Project (1)/Assets
GfxDevice: creating device client; threaded=0; jobified=0
Direct3D:
    Version:  Direct3D 11.0 [level 11.1]
    Renderer: NVIDIA GeForce GTX 1660 SUPER (ID=0x21c4)
    Vendor:   NVIDIA
    VRAM:     5991 MB
    Driver:   27.21.14.6627
Initialize mono
Mono path[0] = 'C:/Program Files/Unity 2021.1.7f1/Editor/Data/Managed'
Mono path[1] = 'C:/Program Files/Unity 2021.1.7f1/Editor/Data/MonoBleedingEdge/lib/mono/unityjit'
Mono config path = 'C:/Program Files/Unity 2021.1.7f1/Editor/Data/MonoBleedingEdge/etc'
Using monoOptions --debugger-agent=transport=dt_socket,embedding=1,server=y,suspend=n,address=127.0.0.1:56508
Begin MonoManager ReloadAssembly
Registering precompiled unity dll's ...
Register platform support module: C:/Program Files/Unity 2021.1.7f1/Editor/Data/PlaybackEngines/WindowsStandaloneSupport/UnityEditor.WindowsStandalone.Extensions.dll
Registered in 0.002601 seconds.
Native extension for WindowsStandalone target not found
Refreshing native plugins compatible for Editor in 96.09 ms, found 1 plugins.
Preloading 0 native plugins for Editor in 0.00 ms.
Mono: successfully reloaded assembly
- Completed reload, in  1.461 seconds
Platform modules already initialized, skipping
Registering precompiled user dll's ...
Registered in 0.003251 seconds.
Begin MonoManager ReloadAssembly
Symbol file LoadedFromMemory doesn't match image C:\Users\Douka\OneDrive\Documentos\Maze\New Unity Project (1)\Library\PackageCache\com.unity.visualscripting@1.6.1\Editor\VisualScripting.Core\Dependencies\YamlDotNet\Unity.VisualScripting.YamlDotNet.dll
Symbol file LoadedFromMemory doesn't match image C:\Users\Douka\OneDrive\Documentos\Maze\New Unity Project (1)\Library\PackageCache\com.unity.visualscripting@1.6.1\Editor\VisualScripting.Core\Dependencies\DotNetZip\Unity.VisualScripting.IonicZip.dll
Native extension for WindowsStandalone target not found
Refreshing native plugins compatible for Editor in 0.71 ms, found 1 plugins.
Preloading 0 native plugins for Editor in 0.00 ms.
Mono: successfully reloaded assembly
- Completed reload, in  1.088 seconds
Platform modules already initialized, skipping
========================================================================
Worker process is ready to serve import requests
Launched and connected shader compiler UnityShaderCompiler.exe after 0.06 seconds
Refreshing native plugins compatible for Editor in 0.54 ms, found 1 plugins.
Preloading 0 native plugins for Editor in 0.00 ms.
Unloading 2674 Unused Serialized files (Serialized files now loaded: 0)
System memory in use before: 98.4 MB.
System memory in use after: 98.5 MB.

Unloading 14 unused Assets to reduce memory usage. Loaded Objects now: 3127.
Total: 2.628100 ms (FindLiveObjects: 0.296100 ms CreateObjectMapping: 0.101300 ms MarkObjects: 2.150000 ms  DeleteObjects: 0.079300 ms)

========================================================================
Received Import Request.
  path: Assets/Aligned Games/First Person Character System
  artifactKey: Guid(9f997484c7fe46e47927c0b5ff67892c) Importer(815301076,1909f56bfc062723c751e8b465ee728b)
Start importing Assets/Aligned Games/First Person Character System using Guid(9f997484c7fe46e47927c0b5ff67892c) Importer(815301076,1909f56bfc062723c751e8b465ee728b)  -> (artifact id: '194182f2916d5065ae338a5b67aaa750') in 0.011675 seconds 
========================================================================
Received Import Request.
  Time since last request: 0.000218 seconds.
  path: Assets/Aligned Games/First Person Character System/System
  artifactKey: Guid(79ecee94e1126c34aac125b2c2454bdf) Importer(815301076,1909f56bfc062723c751e8b465ee728b)
Start importing Assets/Aligned Games/First Person Character System/System using Guid(79ecee94e1126c34aac125b2c2454bdf) Importer(815301076,1909f56bfc062723c751e8b465ee728b)  -> (artifact id: 'dd32672a02571e4e8790e21fa9f88d14') in 0.008425 seconds 
