Using pre-set license
Built from '2021.1/staging' branch; Version is '2021.1.7f1 (d91830b65d9b) revision 14227504'; Using compiler version '192528614'; Build Type 'Release'
OS: 'Windows 10 Home Single Language; OS build 18363.1556; Version 1909; 64bit' Language: 'pt' Physical Memory: 16267 MB
BatchMode: 1, IsHumanControllingUs: 0, StartBugReporterOnCrash: 0, Is64bit: 1, IsPro: 0

 COMMAND LINE ARGUMENTS:
C:\Program Files\Unity\Hub\Editor\2021.1.7f1\Editor\Unity.exe
-adb2
-batchMode
-noUpm
-name
AssetImportWorker0
-projectPath
C:/Users/tiago/Documents/GitHub/modelCharacter
-logFile
Logs/AssetImportWorker0.log
-srvPort
53186
Successfully changed project path to: C:/Users/tiago/Documents/GitHub/modelCharacter
C:/Users/tiago/Documents/GitHub/modelCharacter
Using Asset Import Pipeline V2.
Refreshing native plugins compatible for Editor in 102.72 ms, found 1 plugins.
Preloading 0 native plugins for Editor in 0.00 ms.
Initialize engine version: 2021.1.7f1 (d91830b65d9b)
[Subsystems] Discovering subsystems at path C:/Program Files/Unity/Hub/Editor/2021.1.7f1/Editor/Data/Resources/UnitySubsystems
[Subsystems] Discovering subsystems at path C:/Users/tiago/Documents/GitHub/modelCharacter/Assets
GfxDevice: creating device client; threaded=0; jobified=0
Direct3D:
    Version:  Direct3D 11.0 [level 11.1]
    Renderer: NVIDIA GeForce GTX 1060 (ID=0x1c20)
    Vendor:   NVIDIA
    VRAM:     6052 MB
    Driver:   27.21.14.5730
Initialize mono
Mono path[0] = 'C:/Program Files/Unity/Hub/Editor/2021.1.7f1/Editor/Data/Managed'
Mono path[1] = 'C:/Program Files/Unity/Hub/Editor/2021.1.7f1/Editor/Data/MonoBleedingEdge/lib/mono/unityjit'
Mono config path = 'C:/Program Files/Unity/Hub/Editor/2021.1.7f1/Editor/Data/MonoBleedingEdge/etc'
Using monoOptions --debugger-agent=transport=dt_socket,embedding=1,server=y,suspend=n,address=127.0.0.1:56672
Begin MonoManager ReloadAssembly
Registering precompiled unity dll's ...
Register platform support module: C:/Program Files/Unity/Hub/Editor/2021.1.7f1/Editor/Data/PlaybackEngines/WindowsStandaloneSupport/UnityEditor.WindowsStandalone.Extensions.dll
Registered in 0.003146 seconds.
Native extension for WindowsStandalone target not found
Refreshing native plugins compatible for Editor in 115.07 ms, found 1 plugins.
Preloading 0 native plugins for Editor in 0.00 ms.
Mono: successfully reloaded assembly
- Completed reload, in  3.454 seconds
Platform modules already initialized, skipping
Registering precompiled user dll's ...
Registered in 0.006401 seconds.
Begin MonoManager ReloadAssembly
Symbol file LoadedFromMemory doesn't match image C:\Users\tiago\Documents\GitHub\modelCharacter\Library\PackageCache\com.unity.visualscripting@1.6.1\Editor\VisualScripting.Core\Dependencies\YamlDotNet\Unity.VisualScripting.YamlDotNet.dll
Symbol file LoadedFromMemory doesn't match image C:\Users\tiago\Documents\GitHub\modelCharacter\Library\PackageCache\com.unity.visualscripting@1.6.1\Editor\VisualScripting.Core\Dependencies\DotNetZip\Unity.VisualScripting.IonicZip.dll
Native extension for WindowsStandalone target not found
Refreshing native plugins compatible for Editor in 0.70 ms, found 1 plugins.
Preloading 0 native plugins for Editor in 0.00 ms.
Mono: successfully reloaded assembly
- Completed reload, in  1.404 seconds
Platform modules already initialized, skipping
========================================================================
Worker process is ready to serve import requests
Launched and connected shader compiler UnityShaderCompiler.exe after 0.07 seconds
Refreshing native plugins compatible for Editor in 0.73 ms, found 1 plugins.
Preloading 0 native plugins for Editor in 0.00 ms.
Unloading 2694 Unused Serialized files (Serialized files now loaded: 0)
System memory in use before: 105.4 MB.
System memory in use after: 105.6 MB.

Unloading 14 unused Assets to reduce memory usage. Loaded Objects now: 3158.
Total: 2.457000 ms (FindLiveObjects: 0.284600 ms CreateObjectMapping: 0.161600 ms MarkObjects: 1.904300 ms  DeleteObjects: 0.105500 ms)

========================================================================
Received Import Request.
  path: Assets/Scripts/WinMenu.cs
  artifactKey: Guid(f2f11633f0fbedf46a946f7dac3fd206) Importer(815301076,1909f56bfc062723c751e8b465ee728b)
Start importing Assets/Scripts/WinMenu.cs using Guid(f2f11633f0fbedf46a946f7dac3fd206) Importer(815301076,1909f56bfc062723c751e8b465ee728b)  -> (artifact id: '8b8b574974407b4b8e86bcdde844a4e4') in 0.061760 seconds 
========================================================================
Received Import Request.
  Time since last request: 127.009516 seconds.
  path: Assets/Scripts/PauseMenu.cs
  artifactKey: Guid(fc31d58067388154fa668f4ee305a528) Importer(815301076,1909f56bfc062723c751e8b465ee728b)
Start importing Assets/Scripts/PauseMenu.cs using Guid(fc31d58067388154fa668f4ee305a528) Importer(815301076,1909f56bfc062723c751e8b465ee728b)  -> (artifact id: '2d5183735f1ba4c148e2fe594292d8a0') in 0.017425 seconds 
========================================================================
Received Prepare
Registering precompiled user dll's ...
Registered in 0.004884 seconds.
Begin MonoManager ReloadAssembly
Symbol file LoadedFromMemory doesn't match image C:\Users\tiago\Documents\GitHub\modelCharacter\Library\PackageCache\com.unity.visualscripting@1.6.1\Editor\VisualScripting.Core\Dependencies\YamlDotNet\Unity.VisualScripting.YamlDotNet.dll
Symbol file LoadedFromMemory doesn't match image C:\Users\tiago\Documents\GitHub\modelCharacter\Library\PackageCache\com.unity.visualscripting@1.6.1\Editor\VisualScripting.Core\Dependencies\DotNetZip\Unity.VisualScripting.IonicZip.dll
Native extension for WindowsStandalone target not found
Refreshing native plugins compatible for Editor in 0.63 ms, found 1 plugins.
Preloading 0 native plugins for Editor in 0.00 ms.
Mono: successfully reloaded assembly
- Completed reload, in  1.385 seconds
Platform modules already initialized, skipping
Refreshing native plugins compatible for Editor in 0.83 ms, found 1 plugins.
Preloading 0 native plugins for Editor in 0.00 ms.
Unloading 2676 Unused Serialized files (Serialized files now loaded: 0)
System memory in use before: 104.1 MB.
System memory in use after: 104.3 MB.

Unloading 9 unused Assets to reduce memory usage. Loaded Objects now: 3161.
Total: 4.343600 ms (FindLiveObjects: 0.583600 ms CreateObjectMapping: 0.237300 ms MarkObjects: 3.356100 ms  DeleteObjects: 0.164700 ms)

========================================================================
Received Prepare
Registering precompiled user dll's ...
Registered in 0.005037 seconds.
Begin MonoManager ReloadAssembly
Symbol file LoadedFromMemory doesn't match image C:\Users\tiago\Documents\GitHub\modelCharacter\Library\PackageCache\com.unity.visualscripting@1.6.1\Editor\VisualScripting.Core\Dependencies\YamlDotNet\Unity.VisualScripting.YamlDotNet.dll
Symbol file LoadedFromMemory doesn't match image C:\Users\tiago\Documents\GitHub\modelCharacter\Library\PackageCache\com.unity.visualscripting@1.6.1\Editor\VisualScripting.Core\Dependencies\DotNetZip\Unity.VisualScripting.IonicZip.dll
Native extension for WindowsStandalone target not found
Refreshing native plugins compatible for Editor in 0.63 ms, found 1 plugins.
Preloading 0 native plugins for Editor in 0.00 ms.
Mono: successfully reloaded assembly
- Completed reload, in  1.383 seconds
Platform modules already initialized, skipping
Refreshing native plugins compatible for Editor in 0.52 ms, found 1 plugins.
Preloading 0 native plugins for Editor in 0.00 ms.
Unloading 2676 Unused Serialized files (Serialized files now loaded: 0)
System memory in use before: 104.2 MB.
System memory in use after: 104.4 MB.

Unloading 9 unused Assets to reduce memory usage. Loaded Objects now: 3164.
Total: 3.255600 ms (FindLiveObjects: 0.376000 ms CreateObjectMapping: 0.241400 ms MarkObjects: 2.524500 ms  DeleteObjects: 0.107600 ms)

========================================================================
Received Prepare
Registering precompiled user dll's ...
Registered in 0.004532 seconds.
Begin MonoManager ReloadAssembly
Symbol file LoadedFromMemory doesn't match image C:\Users\tiago\Documents\GitHub\modelCharacter\Library\PackageCache\com.unity.visualscripting@1.6.1\Editor\VisualScripting.Core\Dependencies\YamlDotNet\Unity.VisualScripting.YamlDotNet.dll
Symbol file LoadedFromMemory doesn't match image C:\Users\tiago\Documents\GitHub\modelCharacter\Library\PackageCache\com.unity.visualscripting@1.6.1\Editor\VisualScripting.Core\Dependencies\DotNetZip\Unity.VisualScripting.IonicZip.dll
Native extension for WindowsStandalone target not found
Refreshing native plugins compatible for Editor in 1.08 ms, found 1 plugins.
Preloading 0 native plugins for Editor in 0.00 ms.
Mono: successfully reloaded assembly
- Completed reload, in  1.521 seconds
Platform modules already initialized, skipping
Refreshing native plugins compatible for Editor in 0.57 ms, found 1 plugins.
Preloading 0 native plugins for Editor in 0.00 ms.
Unloading 2676 Unused Serialized files (Serialized files now loaded: 0)
System memory in use before: 104.2 MB.
System memory in use after: 104.4 MB.

Unloading 9 unused Assets to reduce memory usage. Loaded Objects now: 3167.
Total: 4.368200 ms (FindLiveObjects: 0.436400 ms CreateObjectMapping: 0.366100 ms MarkObjects: 3.486100 ms  DeleteObjects: 0.077800 ms)

========================================================================
Received Prepare
Registering precompiled user dll's ...
Registered in 0.004578 seconds.
Begin MonoManager ReloadAssembly
Symbol file LoadedFromMemory doesn't match image C:\Users\tiago\Documents\GitHub\modelCharacter\Library\PackageCache\com.unity.visualscripting@1.6.1\Editor\VisualScripting.Core\Dependencies\YamlDotNet\Unity.VisualScripting.YamlDotNet.dll
Symbol file LoadedFromMemory doesn't match image C:\Users\tiago\Documents\GitHub\modelCharacter\Library\PackageCache\com.unity.visualscripting@1.6.1\Editor\VisualScripting.Core\Dependencies\DotNetZip\Unity.VisualScripting.IonicZip.dll
Native extension for WindowsStandalone target not found
Refreshing native plugins compatible for Editor in 0.58 ms, found 1 plugins.
Preloading 0 native plugins for Editor in 0.00 ms.
Mono: successfully reloaded assembly
- Completed reload, in  1.570 seconds
Platform modules already initialized, skipping
Refreshing native plugins compatible for Editor in 0.69 ms, found 1 plugins.
Preloading 0 native plugins for Editor in 0.00 ms.
Unloading 2676 Unused Serialized files (Serialized files now loaded: 0)
System memory in use before: 104.2 MB.
System memory in use after: 104.4 MB.

Unloading 9 unused Assets to reduce memory usage. Loaded Objects now: 3170.
Total: 4.015500 ms (FindLiveObjects: 0.971300 ms CreateObjectMapping: 0.607700 ms MarkObjects: 2.350800 ms  DeleteObjects: 0.084200 ms)

========================================================================
Received Prepare
Registering precompiled user dll's ...
Registered in 0.005453 seconds.
Begin MonoManager ReloadAssembly
Symbol file LoadedFromMemory doesn't match image C:\Users\tiago\Documents\GitHub\modelCharacter\Library\PackageCache\com.unity.visualscripting@1.6.1\Editor\VisualScripting.Core\Dependencies\YamlDotNet\Unity.VisualScripting.YamlDotNet.dll
Symbol file LoadedFromMemory doesn't match image C:\Users\tiago\Documents\GitHub\modelCharacter\Library\PackageCache\com.unity.visualscripting@1.6.1\Editor\VisualScripting.Core\Dependencies\DotNetZip\Unity.VisualScripting.IonicZip.dll
Native extension for WindowsStandalone target not found
Refreshing native plugins compatible for Editor in 1.38 ms, found 1 plugins.
Preloading 0 native plugins for Editor in 0.00 ms.
Mono: successfully reloaded assembly
- Completed reload, in  1.861 seconds
Platform modules already initialized, skipping
Refreshing native plugins compatible for Editor in 0.63 ms, found 1 plugins.
Preloading 0 native plugins for Editor in 0.00 ms.
Unloading 2676 Unused Serialized files (Serialized files now loaded: 0)
System memory in use before: 104.2 MB.
System memory in use after: 104.4 MB.

Unloading 9 unused Assets to reduce memory usage. Loaded Objects now: 3173.
Total: 4.538800 ms (FindLiveObjects: 0.617400 ms CreateObjectMapping: 0.427900 ms MarkObjects: 3.402800 ms  DeleteObjects: 0.088300 ms)

========================================================================
Received Prepare
Registering precompiled user dll's ...
Registered in 0.006822 seconds.
Begin MonoManager ReloadAssembly
Symbol file LoadedFromMemory doesn't match image C:\Users\tiago\Documents\GitHub\modelCharacter\Library\PackageCache\com.unity.visualscripting@1.6.1\Editor\VisualScripting.Core\Dependencies\YamlDotNet\Unity.VisualScripting.YamlDotNet.dll
Symbol file LoadedFromMemory doesn't match image C:\Users\tiago\Documents\GitHub\modelCharacter\Library\PackageCache\com.unity.visualscripting@1.6.1\Editor\VisualScripting.Core\Dependencies\DotNetZip\Unity.VisualScripting.IonicZip.dll
Native extension for WindowsStandalone target not found
Refreshing native plugins compatible for Editor in 0.51 ms, found 1 plugins.
Preloading 0 native plugins for Editor in 0.00 ms.
Mono: successfully reloaded assembly
- Completed reload, in  1.274 seconds
Platform modules already initialized, skipping
Refreshing native plugins compatible for Editor in 0.57 ms, found 1 plugins.
Preloading 0 native plugins for Editor in 0.00 ms.
Unloading 2676 Unused Serialized files (Serialized files now loaded: 0)
System memory in use before: 104.2 MB.
System memory in use after: 104.4 MB.

Unloading 9 unused Assets to reduce memory usage. Loaded Objects now: 3176.
Total: 3.698400 ms (FindLiveObjects: 0.448900 ms CreateObjectMapping: 0.199900 ms MarkObjects: 2.960100 ms  DeleteObjects: 0.081300 ms)

========================================================================
Received Prepare
Registering precompiled user dll's ...
Registered in 0.003762 seconds.
Begin MonoManager ReloadAssembly
Symbol file LoadedFromMemory doesn't match image C:\Users\tiago\Documents\GitHub\modelCharacter\Library\PackageCache\com.unity.visualscripting@1.6.1\Editor\VisualScripting.Core\Dependencies\YamlDotNet\Unity.VisualScripting.YamlDotNet.dll
Symbol file LoadedFromMemory doesn't match image C:\Users\tiago\Documents\GitHub\modelCharacter\Library\PackageCache\com.unity.visualscripting@1.6.1\Editor\VisualScripting.Core\Dependencies\DotNetZip\Unity.VisualScripting.IonicZip.dll
Native extension for WindowsStandalone target not found
Refreshing native plugins compatible for Editor in 0.51 ms, found 1 plugins.
Preloading 0 native plugins for Editor in 0.00 ms.
Mono: successfully reloaded assembly
- Completed reload, in  1.311 seconds
Platform modules already initialized, skipping
Refreshing native plugins compatible for Editor in 0.86 ms, found 1 plugins.
Preloading 0 native plugins for Editor in 0.00 ms.
Unloading 2676 Unused Serialized files (Serialized files now loaded: 0)
System memory in use before: 104.2 MB.
System memory in use after: 104.4 MB.

Unloading 9 unused Assets to reduce memory usage. Loaded Objects now: 3179.
Total: 2.827200 ms (FindLiveObjects: 0.409800 ms CreateObjectMapping: 0.147600 ms MarkObjects: 2.168600 ms  DeleteObjects: 0.100100 ms)

========================================================================
Received Prepare
Registering precompiled user dll's ...
Registered in 0.005088 seconds.
Begin MonoManager ReloadAssembly
Symbol file LoadedFromMemory doesn't match image C:\Users\tiago\Documents\GitHub\modelCharacter\Library\PackageCache\com.unity.visualscripting@1.6.1\Editor\VisualScripting.Core\Dependencies\YamlDotNet\Unity.VisualScripting.YamlDotNet.dll
Symbol file LoadedFromMemory doesn't match image C:\Users\tiago\Documents\GitHub\modelCharacter\Library\PackageCache\com.unity.visualscripting@1.6.1\Editor\VisualScripting.Core\Dependencies\DotNetZip\Unity.VisualScripting.IonicZip.dll
Native extension for WindowsStandalone target not found
Refreshing native plugins compatible for Editor in 0.90 ms, found 1 plugins.
Preloading 0 native plugins for Editor in 0.00 ms.
Mono: successfully reloaded assembly
- Completed reload, in  1.444 seconds
Platform modules already initialized, skipping
Refreshing native plugins compatible for Editor in 1.03 ms, found 1 plugins.
Preloading 0 native plugins for Editor in 0.00 ms.
Unloading 2676 Unused Serialized files (Serialized files now loaded: 0)
System memory in use before: 104.3 MB.
System memory in use after: 104.5 MB.

Unloading 9 unused Assets to reduce memory usage. Loaded Objects now: 3182.
Total: 4.019200 ms (FindLiveObjects: 1.341300 ms CreateObjectMapping: 0.258800 ms MarkObjects: 2.317600 ms  DeleteObjects: 0.099800 ms)

========================================================================
Received Prepare
Registering precompiled user dll's ...
Registered in 0.006183 seconds.
Begin MonoManager ReloadAssembly
Symbol file LoadedFromMemory doesn't match image C:\Users\tiago\Documents\GitHub\modelCharacter\Library\PackageCache\com.unity.visualscripting@1.6.1\Editor\VisualScripting.Core\Dependencies\YamlDotNet\Unity.VisualScripting.YamlDotNet.dll
Symbol file LoadedFromMemory doesn't match image C:\Users\tiago\Documents\GitHub\modelCharacter\Library\PackageCache\com.unity.visualscripting@1.6.1\Editor\VisualScripting.Core\Dependencies\DotNetZip\Unity.VisualScripting.IonicZip.dll
Native extension for WindowsStandalone target not found
Refreshing native plugins compatible for Editor in 0.82 ms, found 1 plugins.
Preloading 0 native plugins for Editor in 0.00 ms.
Mono: successfully reloaded assembly
- Completed reload, in  1.468 seconds
Platform modules already initialized, skipping
Refreshing native plugins compatible for Editor in 0.84 ms, found 1 plugins.
Preloading 0 native plugins for Editor in 0.00 ms.
Unloading 2676 Unused Serialized files (Serialized files now loaded: 0)
System memory in use before: 104.3 MB.
System memory in use after: 104.5 MB.

Unloading 9 unused Assets to reduce memory usage. Loaded Objects now: 3185.
Total: 2.430600 ms (FindLiveObjects: 0.226300 ms CreateObjectMapping: 0.138400 ms MarkObjects: 2.006400 ms  DeleteObjects: 0.058400 ms)

========================================================================
Received Prepare
Registering precompiled user dll's ...
Registered in 0.004832 seconds.
Begin MonoManager ReloadAssembly
Symbol file LoadedFromMemory doesn't match image C:\Users\tiago\Documents\GitHub\modelCharacter\Library\PackageCache\com.unity.visualscripting@1.6.1\Editor\VisualScripting.Core\Dependencies\YamlDotNet\Unity.VisualScripting.YamlDotNet.dll
Symbol file LoadedFromMemory doesn't match image C:\Users\tiago\Documents\GitHub\modelCharacter\Library\PackageCache\com.unity.visualscripting@1.6.1\Editor\VisualScripting.Core\Dependencies\DotNetZip\Unity.VisualScripting.IonicZip.dll
Native extension for WindowsStandalone target not found
Refreshing native plugins compatible for Editor in 0.53 ms, found 1 plugins.
Preloading 0 native plugins for Editor in 0.00 ms.
Mono: successfully reloaded assembly
- Completed reload, in  1.289 seconds
Platform modules already initialized, skipping
Refreshing native plugins compatible for Editor in 0.93 ms, found 1 plugins.
Preloading 0 native plugins for Editor in 0.00 ms.
Unloading 2676 Unused Serialized files (Serialized files now loaded: 0)
System memory in use before: 104.3 MB.
System memory in use after: 104.5 MB.

Unloading 9 unused Assets to reduce memory usage. Loaded Objects now: 3188.
Total: 2.590100 ms (FindLiveObjects: 0.280000 ms CreateObjectMapping: 0.167700 ms MarkObjects: 2.060300 ms  DeleteObjects: 0.080600 ms)

========================================================================
Received Prepare
Registering precompiled user dll's ...
Registered in 0.003612 seconds.
Begin MonoManager ReloadAssembly
Symbol file LoadedFromMemory doesn't match image C:\Users\tiago\Documents\GitHub\modelCharacter\Library\PackageCache\com.unity.visualscripting@1.6.1\Editor\VisualScripting.Core\Dependencies\YamlDotNet\Unity.VisualScripting.YamlDotNet.dll
Symbol file LoadedFromMemory doesn't match image C:\Users\tiago\Documents\GitHub\modelCharacter\Library\PackageCache\com.unity.visualscripting@1.6.1\Editor\VisualScripting.Core\Dependencies\DotNetZip\Unity.VisualScripting.IonicZip.dll
Native extension for WindowsStandalone target not found
Refreshing native plugins compatible for Editor in 0.71 ms, found 1 plugins.
Preloading 0 native plugins for Editor in 0.00 ms.
Mono: successfully reloaded assembly
- Completed reload, in  2.634 seconds
Platform modules already initialized, skipping
Refreshing native plugins compatible for Editor in 0.77 ms, found 1 plugins.
Preloading 0 native plugins for Editor in 0.00 ms.
Unloading 2676 Unused Serialized files (Serialized files now loaded: 0)
System memory in use before: 104.3 MB.
System memory in use after: 104.5 MB.

Unloading 9 unused Assets to reduce memory usage. Loaded Objects now: 3191.
Total: 4.000700 ms (FindLiveObjects: 0.467100 ms CreateObjectMapping: 0.236200 ms MarkObjects: 3.117600 ms  DeleteObjects: 0.177600 ms)

========================================================================
Received Prepare
Registering precompiled user dll's ...
Registered in 0.005022 seconds.
Begin MonoManager ReloadAssembly
Symbol file LoadedFromMemory doesn't match image C:\Users\tiago\Documents\GitHub\modelCharacter\Library\PackageCache\com.unity.visualscripting@1.6.1\Editor\VisualScripting.Core\Dependencies\YamlDotNet\Unity.VisualScripting.YamlDotNet.dll
Symbol file LoadedFromMemory doesn't match image C:\Users\tiago\Documents\GitHub\modelCharacter\Library\PackageCache\com.unity.visualscripting@1.6.1\Editor\VisualScripting.Core\Dependencies\DotNetZip\Unity.VisualScripting.IonicZip.dll
Native extension for WindowsStandalone target not found
Refreshing native plugins compatible for Editor in 0.70 ms, found 1 plugins.
Preloading 0 native plugins for Editor in 0.00 ms.
Mono: successfully reloaded assembly
- Completed reload, in  1.362 seconds
Platform modules already initialized, skipping
Refreshing native plugins compatible for Editor in 0.64 ms, found 1 plugins.
Preloading 0 native plugins for Editor in 0.00 ms.
Unloading 2676 Unused Serialized files (Serialized files now loaded: 0)
System memory in use before: 104.3 MB.
System memory in use after: 104.5 MB.

Unloading 9 unused Assets to reduce memory usage. Loaded Objects now: 3194.
Total: 3.382900 ms (FindLiveObjects: 0.304100 ms CreateObjectMapping: 0.171000 ms MarkObjects: 2.809300 ms  DeleteObjects: 0.097100 ms)

========================================================================
Received Prepare
Registering precompiled user dll's ...
Registered in 0.004984 seconds.
Begin MonoManager ReloadAssembly
Symbol file LoadedFromMemory doesn't match image C:\Users\tiago\Documents\GitHub\modelCharacter\Library\PackageCache\com.unity.visualscripting@1.6.1\Editor\VisualScripting.Core\Dependencies\YamlDotNet\Unity.VisualScripting.YamlDotNet.dll
Symbol file LoadedFromMemory doesn't match image C:\Users\tiago\Documents\GitHub\modelCharacter\Library\PackageCache\com.unity.visualscripting@1.6.1\Editor\VisualScripting.Core\Dependencies\DotNetZip\Unity.VisualScripting.IonicZip.dll
Native extension for WindowsStandalone target not found
Refreshing native plugins compatible for Editor in 0.70 ms, found 1 plugins.
Preloading 0 native plugins for Editor in 0.00 ms.
Mono: successfully reloaded assembly
- Completed reload, in  1.290 seconds
Platform modules already initialized, skipping
Refreshing native plugins compatible for Editor in 0.60 ms, found 1 plugins.
Preloading 0 native plugins for Editor in 0.00 ms.
Unloading 2676 Unused Serialized files (Serialized files now loaded: 0)
System memory in use before: 104.3 MB.
System memory in use after: 104.5 MB.

Unloading 9 unused Assets to reduce memory usage. Loaded Objects now: 3197.
Total: 3.012300 ms (FindLiveObjects: 0.263900 ms CreateObjectMapping: 0.169100 ms MarkObjects: 2.502300 ms  DeleteObjects: 0.075300 ms)

========================================================================
Received Import Request.
  Time since last request: 3525.881844 seconds.
  path: Assets/Aligned Games/First Person Character System/System/Scripts/Managers/PlayerCameraManager.cs
  artifactKey: Guid(75f23372f76f80d439ac37431576a5cf) Importer(815301076,1909f56bfc062723c751e8b465ee728b)
Start importing Assets/Aligned Games/First Person Character System/System/Scripts/Managers/PlayerCameraManager.cs using Guid(75f23372f76f80d439ac37431576a5cf) Importer(815301076,1909f56bfc062723c751e8b465ee728b)  -> (artifact id: 'd75f449fb010e78c611905f4427d62ae') in 0.012713 seconds 
========================================================================
Received Prepare
Registering precompiled user dll's ...
Registered in 0.005111 seconds.
Begin MonoManager ReloadAssembly
Symbol file LoadedFromMemory doesn't match image C:\Users\tiago\Documents\GitHub\modelCharacter\Library\PackageCache\com.unity.visualscripting@1.6.1\Editor\VisualScripting.Core\Dependencies\YamlDotNet\Unity.VisualScripting.YamlDotNet.dll
Symbol file LoadedFromMemory doesn't match image C:\Users\tiago\Documents\GitHub\modelCharacter\Library\PackageCache\com.unity.visualscripting@1.6.1\Editor\VisualScripting.Core\Dependencies\DotNetZip\Unity.VisualScripting.IonicZip.dll
Native extension for WindowsStandalone target not found
Refreshing native plugins compatible for Editor in 0.56 ms, found 1 plugins.
Preloading 0 native plugins for Editor in 0.00 ms.
Mono: successfully reloaded assembly
- Completed reload, in  1.226 seconds
Platform modules already initialized, skipping
Refreshing native plugins compatible for Editor in 0.64 ms, found 1 plugins.
Preloading 0 native plugins for Editor in 0.00 ms.
Unloading 2676 Unused Serialized files (Serialized files now loaded: 0)
System memory in use before: 104.3 MB.
System memory in use after: 104.5 MB.

Unloading 9 unused Assets to reduce memory usage. Loaded Objects now: 3200.
Total: 2.713000 ms (FindLiveObjects: 0.265500 ms CreateObjectMapping: 0.153300 ms MarkObjects: 2.209900 ms  DeleteObjects: 0.083300 ms)

========================================================================
Received Import Request.
  Time since last request: 88.281245 seconds.
  path: Assets/Aligned Games/First Person Character System/System/Scripts/Managers/PlayerCameraManager.cs
  artifactKey: Guid(75f23372f76f80d439ac37431576a5cf) Importer(815301076,1909f56bfc062723c751e8b465ee728b)
Start importing Assets/Aligned Games/First Person Character System/System/Scripts/Managers/PlayerCameraManager.cs using Guid(75f23372f76f80d439ac37431576a5cf) Importer(815301076,1909f56bfc062723c751e8b465ee728b)  -> (artifact id: 'd4311c443a5b544323a8eefc8aa348c0') in 0.007475 seconds 
========================================================================
Received Prepare
Registering precompiled user dll's ...
Registered in 0.005170 seconds.
Begin MonoManager ReloadAssembly
Symbol file LoadedFromMemory doesn't match image C:\Users\tiago\Documents\GitHub\modelCharacter\Library\PackageCache\com.unity.visualscripting@1.6.1\Editor\VisualScripting.Core\Dependencies\YamlDotNet\Unity.VisualScripting.YamlDotNet.dll
Symbol file LoadedFromMemory doesn't match image C:\Users\tiago\Documents\GitHub\modelCharacter\Library\PackageCache\com.unity.visualscripting@1.6.1\Editor\VisualScripting.Core\Dependencies\DotNetZip\Unity.VisualScripting.IonicZip.dll
Native extension for WindowsStandalone target not found
Refreshing native plugins compatible for Editor in 1.04 ms, found 1 plugins.
Preloading 0 native plugins for Editor in 0.00 ms.
Mono: successfully reloaded assembly
- Completed reload, in  1.907 seconds
Platform modules already initialized, skipping
Refreshing native plugins compatible for Editor in 1.51 ms, found 1 plugins.
Preloading 0 native plugins for Editor in 0.00 ms.
Unloading 2676 Unused Serialized files (Serialized files now loaded: 0)
System memory in use before: 104.3 MB.
System memory in use after: 104.5 MB.

Unloading 9 unused Assets to reduce memory usage. Loaded Objects now: 3203.
Total: 7.274600 ms (FindLiveObjects: 0.957200 ms CreateObjectMapping: 0.806000 ms MarkObjects: 5.190700 ms  DeleteObjects: 0.318700 ms)

AssetImportWorkerClient::OnTransportError - code=2 error=End of file
